[2021-11-05T10:15:00.357] [INFO] access - path: / | method: GET | msg: Not Found
[2021-11-05T10:15:00.396] [INFO] access - path: /favicon.ico | method: GET | msg: Not Found
[2021-11-05T10:15:12.040] [INFO] access - path: /admin | method: GET | msg: Not Found
[2021-11-05T10:15:32.421] [INFO] access - path: /admin | method: GET | msg: Not Found
[2021-11-05T10:18:05.845] [INFO] access - path: /admin | method: GET | msg: Not Found
[2021-11-05T11:21:01.385] [INFO] access - path: /admin | method: GET | msg: Not Found
[2021-11-05T11:49:45.709] [INFO] access - path: /admin | method: GET | msg: Not Found
[2021-11-05T11:56:27.174] [INFO] access - path: /admin | method: GET | msg: Not Found
[2021-11-05T11:56:29.141] [INFO] access - path: /admin | method: GET | msg: Not Found
[2021-11-05T15:27:08.845] [INFO] access - path: /admin | method: GET | msg: Not Found
[2021-11-05T15:34:02.758] [INFO] access - path: /admin | method: GET | msg: Not Found
[2021-11-05T16:05:08.036] [INFO] access - path: /admin | method: GET | msg: Not Found
[2021-11-05T16:09:14.016] [INFO] access - path: /admin | method: GET | msg: Not Found
[2021-11-05T16:10:15.793] [INFO] access - path: /admin | method: GET | msg: Not Found
[2021-11-05T16:10:43.647] [INFO] access - path: /admin | method: GET | msg: Not Found
[2021-11-05T16:10:44.547] [INFO] access - path: /admin | method: GET | msg: Not Found
[2021-11-05T16:14:06.256] [INFO] access - path: /admin | method: GET | msg: Not Found
[2021-11-05T16:17:30.552] [INFO] access - path: /admin | method: GET | msg: Not Found
[2021-11-05T16:20:25.850] [INFO] access - path: /admin | method: GET | msg: Not Found
[2021-11-05T16:21:52.165] [INFO] access - path: /admin | method: GET | msg: Not Found
[2021-11-05T16:23:52.311] [INFO] access - path: /admin | method: GET | msg: Not Found
[2021-11-05T16:24:00.721] [INFO] access - path: /admin | method: GET | msg: Not Found
[2021-11-05T16:24:01.505] [INFO] access - path: /admin | method: GET | msg: Not Found
[2021-11-05T16:24:02.222] [INFO] access - path: /admin | method: GET | msg: Not Found
[2021-11-05T16:24:03.059] [INFO] access - path: /admin | method: GET | msg: Not Found
[2021-11-05T16:24:28.536] [INFO] access - path: /admin | method: GET | msg: Not Found
[2021-11-05T16:25:03.756] [INFO] access - path: /admin | method: GET | msg: Not Found
[2021-11-05T16:29:00.720] [INFO] access - path: /admin | method: GET | msg: Not Found
[2021-11-05T18:37:54.757] [INFO] access - path: /admin/login | method: GET | msg: Not Found
[2021-11-05T18:38:48.164] [INFO] access - path: /admin/login | method: GET | msg: Not Found
[2021-11-05T18:39:01.705] [INFO] access - path: /admin/login | method: GET | msg: Not Found
[2021-11-05T18:39:02.537] [INFO] access - path: /admin/login | method: GET | msg: Not Found
[2021-11-05T18:39:03.409] [INFO] access - path: /admin/login | method: GET | msg: Not Found
[2021-11-05T18:39:04.084] [INFO] access - path: /admin/login | method: GET | msg: Not Found
[2021-11-05T18:39:04.801] [INFO] access - path: /admin/login | method: GET | msg: Not Found
[2021-11-05T18:39:05.534] [INFO] access - path: /admin/login | method: GET | msg: Not Found
[2021-11-05T18:39:06.337] [INFO] access - path: /admin/login | method: GET | msg: Not Found
[2021-11-05T18:40:24.940] [INFO] access - path: /admin/login | method: GET | msg: Not Found
[2021-11-05T18:51:02.792] [INFO] access - path: /admin/login | method: GET | msg: Not Found
[2021-11-05T19:02:33.575] [INFO] access - path: /admin/login | method: GET | msg: Not Found
[2021-11-05T19:03:34.782] [INFO] access - path: /admin/logi | method: GET | msg: Not Found
[2021-11-05T19:03:43.961] [INFO] access - path: /admin/login | method: GET | msg: Not Found
[2021-11-05T19:07:58.658] [INFO] access - path: /admin/login | method: GET | msg: Not Found
[2021-11-05T19:08:30.327] [INFO] access - path: /admin/login | method: GET | msg: Not Found
[2021-11-05T19:10:01.343] [INFO] access - path: /admin/login | method: GET | msg: Not Found
[2021-11-05T19:16:08.566] [INFO] access - path: /admin | method: GET | msg: Not Found
[2021-11-05T19:19:49.859] [INFO] access - path: /admin | method: GET | msg: Not Found
[2021-11-05T19:19:49.926] [INFO] access - path: /admin/login | method: GET | msg: Not Found
[2021-11-05T19:22:21.011] [INFO] access - path: /admin | method: GET | msg: Not Found
[2021-11-05T19:22:21.060] [INFO] access - path: /admin/login | method: GET | msg: Not Found
[2021-11-08T09:33:34.853] [INFO] access - path: /admin/login | method: GET | msg: Not Found
[2021-11-08T09:33:38.516] [INFO] access - path: /admin/login | method: GET | msg: Not Found
[2021-11-08T09:33:41.929] [INFO] access - path: /admin/login | method: GET | msg: Not Found
[2021-11-08T09:51:23.927] [INFO] access - path: /admin/login | method: GET | msg: Not Found
[2021-11-08T10:07:07.267] [INFO] access - path: /admin/login | method: GET | msg: Not Found
[2021-11-08T10:07:09.583] [INFO] access - path: /admin/login | method: GET | msg: Not Found
[2021-11-08T10:10:20.020] [INFO] access - path: /admin/login | method: GET | msg: Not Found
[2021-11-08T10:10:27.991] [INFO] access - path: /admin/login | method: POST | msg: Not Found
[2021-11-08T10:26:23.949] [INFO] access - path: /admin/login | method: POST | msg: Not Found
[2021-11-08T10:57:08.215] [INFO] access - path: /admin/login | method: POST | msg: Not Found
[2021-11-08T10:57:28.923] [INFO] access - path: /admin | method: GET | msg: Not Found
[2021-11-08T10:59:11.674] [INFO] access - path: /admin | method: GET | msg: Not Found
[2021-11-08T10:59:46.297] [INFO] access - path: /admin | method: GET | msg: Not Found
[2021-11-08T10:59:51.472] [INFO] access - path: /admin | method: GET | msg: Not Found
[2021-11-08T11:00:08.782] [INFO] access - path: /admin | method: GET | msg: Not Found
[2021-11-08T11:00:10.071] [INFO] access - path: /admin | method: GET | msg: Not Found
[2021-11-08T11:00:11.782] [INFO] access - path: /admin | method: GET | msg: Not Found
[2021-11-08T11:00:37.276] [INFO] access - path: /admin/login | method: POST | msg: Not Found
[2021-11-08T11:01:03.664] [INFO] access - path: /admin | method: GET | msg: Not Found
[2021-11-08T11:01:05.073] [INFO] access - path: /admin | method: GET | msg: Not Found
[2021-11-08T11:01:06.223] [INFO] access - path: /admin | method: GET | msg: Not Found
[2021-11-08T11:18:52.443] [INFO] access - path: /admin | method: GET | msg: Not Found
[2021-11-08T11:18:54.627] [INFO] access - path: /admin | method: GET | msg: Not Found
[2021-11-08T11:18:56.009] [INFO] access - path: /admin | method: GET | msg: Not Found
[2021-11-08T11:19:17.111] [INFO] access - path: /admin | method: GET | msg: Not Found
[2021-11-08T11:19:33.906] [INFO] access - path: /admin | method: GET | msg: Not Found
[2021-11-08T11:19:43.974] [INFO] access - path: /admin | method: GET | msg: Not Found
[2021-11-08T14:14:43.246] [INFO] access - path: /admin/list | method: GET | msg: Not Found
[2021-11-08T14:15:33.370] [INFO] access - path: /admin/list | method: GET | msg: Not Found
[2021-11-08T14:15:33.442] [INFO] access - path: /favicon.ico | method: GET | msg: Not Found
[2021-11-08T14:16:39.502] [INFO] access - path: /admin/list | method: GET | msg: Not Found
[2021-11-08T14:16:54.051] [INFO] access - path: /admin/list | method: GET | msg: Not Found
[2021-11-08T14:18:09.732] [INFO] access - path: /admin/list | method: GET | msg: Not Found
[2021-11-08T14:18:44.618] [INFO] access - path: /admin/list | method: GET | msg: Not Found
[2021-11-08T14:20:03.550] [INFO] access - path: /admin/list | method: GET | msg: Not Found
[2021-11-08T14:20:32.018] [INFO] access - path: /admin/list | method: GET | msg: Not Found
[2021-11-08T14:21:30.750] [INFO] access - path: /admin/list | method: GET | msg: Not Found
[2021-11-08T14:21:57.330] [INFO] access - path: /admin/list | method: GET | msg: Not Found
[2021-11-08T14:22:00.503] [INFO] access - path: /admin/list | method: GET | msg: Not Found
[2021-11-08T14:24:43.846] [INFO] access - path: /admin/list | method: GET | msg: Not Found
[2021-11-08T14:25:22.209] [INFO] access - path: /admin/list | method: GET | msg: Not Found
[2021-11-08T14:25:39.170] [INFO] access - path: /admin/list | method: GET | msg: Not Found
[2021-11-08T14:25:48.129] [INFO] access - path: /admin/list | method: GET | msg: Not Found
[2021-11-08T14:26:23.552] [INFO] access - path: /admin/list | method: GET | msg: Not Found
[2021-11-08T14:28:47.769] [INFO] access - path: /admin/list | method: GET | msg: Not Found
[2021-11-08T14:33:56.759] [INFO] access - path: /admin/list | method: GET | msg: Not Found
[2021-11-08T14:36:00.967] [INFO] access - path: /admin/list | method: GET | msg: Not Found
[2021-11-08T14:39:23.901] [INFO] access - path: /admin/list | method: GET | msg: Not Found
[2021-11-08T14:39:27.693] [INFO] access - path: /admin/list | method: GET | msg: Not Found
[2021-11-08T15:00:45.428] [INFO] access - path: /admin/list | method: GET | msg: Not Found
[2021-11-08T15:00:51.318] [INFO] access - path: /admin/list | method: GET | msg: Not Found
[2021-11-08T15:04:49.941] [INFO] access - path: /admin/list | method: GET | msg: Not Found
[2021-11-08T15:27:23.101] [INFO] access - path: /admin | method: GET | msg: Not Found
[2021-11-08T17:05:58.448] [INFO] access - path: /admin/login | method: POST | msg: Not Found
[2021-11-08T17:06:04.338] [INFO] access - path: /admin/upload | method: POST | msg: Not Found
[2021-11-08T17:10:26.187] [INFO] access - path: /admin/upload | method: POST | msg: Not Found
[2021-11-08T17:13:11.126] [INFO] access - path: /admin/upload | method: POST | msg: Not Found
[2021-11-08T17:15:09.759] [INFO] access - path: /admin/upload | method: POST | msg: Not Found
[2021-11-08T17:18:33.129] [INFO] access - path: /admin/upload | method: POST | msg: Not Found
[2021-11-08T17:21:27.385] [INFO] access - path: /admin/upload | method: POST | msg: Not Found
[2021-11-08T18:03:20.961] [INFO] access - path: /admin/upload | method: POST | msg: Not Found
[2021-11-08T18:06:30.615] [INFO] access - path: /admin/upload | method: POST | msg: Not Found
[2021-11-08T18:07:05.213] [INFO] access - path: /admin/upload | method: POST | msg: Not Found
[2021-11-08T18:08:37.506] [INFO] access - path: /admin/upload | method: POST | msg: Not Found
[2021-11-08T18:14:25.922] [INFO] access - path: /admin/upload | method: POST | msg: Not Found
[2021-11-08T18:14:28.075] [INFO] access - path: /admin/upload | method: POST | msg: Not Found
[2021-11-08T18:14:29.266] [INFO] access - path: /admin/upload | method: POST | msg: Not Found
[2021-11-08T18:14:30.127] [INFO] access - path: /admin/upload | method: POST | msg: Not Found
[2021-11-08T18:14:31.018] [INFO] access - path: /admin/upload | method: POST | msg: Not Found
[2021-11-08T18:14:31.833] [INFO] access - path: /admin/upload | method: POST | msg: Not Found
[2021-11-08T18:16:29.374] [INFO] access - path: /admin/upload | method: POST | msg: Not Found
[2021-11-08T18:17:52.767] [INFO] access - path: /admin/upload | method: POST | msg: Not Found
[2021-11-08T18:20:19.959] [INFO] access - path: /admin/upload | method: POST | msg: Not Found
[2021-11-09T09:09:17.412] [INFO] access - path: /admin/upload | method: POST | msg: Not Found
[2021-11-09T09:10:56.000] [INFO] access - path: /admin/upload | method: POST | msg: Not Found
[2021-11-09T09:12:21.926] [INFO] access - path: /admin/upload | method: POST | msg: Not Found
[2021-11-09T09:17:57.683] [INFO] access - path: /admin/upload | method: POST | msg: Not Found
[2021-11-09T09:18:38.698] [INFO] access - path: /admin/upload | method: POST | msg: Not Found
[2021-11-09T09:21:46.977] [INFO] access - path: /admin/upload | method: POST | msg: Not Found
[2021-11-09T09:22:18.215] [INFO] access - path: /admin/upload | method: POST | msg: Not Found
[2021-11-09T09:23:09.865] [INFO] access - path: /admin/upload | method: POST | msg: Not Found
[2021-11-09T09:23:42.243] [INFO] access - path: /admin/upload | method: POST | msg: Not Found
[2021-11-09T09:25:00.038] [INFO] access - path: /admin/upload | method: POST | msg: Not Found
[2021-11-09T09:25:43.343] [INFO] access - path: /admin/upload | method: POST | msg: Not Found
[2021-11-09T09:26:19.188] [INFO] access - path: /admin/upload | method: POST | msg: Not Found
[2021-11-09T10:20:46.281] [INFO] access - path: /admin/userAdd | method: POST | msg: Not Found
[2021-11-09T10:26:36.347] [INFO] access - path: /admin/userAdd | method: POST | msg: Not Found
[2021-11-09T10:47:06.433] [INFO] access - path: /admin/userAdd | method: POST | msg: Not Found
[2021-11-09T10:51:25.991] [INFO] access - path: /admin/userAdd | method: POST | msg: Not Found
[2021-11-09T10:51:54.233] [INFO] access - path: /admin/userAdd | method: POST | msg: Not Found
[2021-11-09T10:58:21.565] [INFO] access - path: /admin/userAdd | method: POST | msg: Not Found
[2021-11-09T10:59:22.660] [INFO] access - path: /admin/userAdd | method: POST | msg: Not Found
[2021-11-09T11:00:17.130] [INFO] access - path: /admin/userAdd | method: POST | msg: Not Found
[2021-11-09T11:02:52.039] [INFO] access - path: /admin/userAdd | method: POST | msg: Not Found
[2021-11-09T11:08:59.508] [INFO] access - path: /admin/userAdd | method: POST | msg: Not Found
[2021-11-09T11:11:15.851] [INFO] access - path: /admin/userAdd | method: POST | msg: Not Found
[2021-11-09T11:15:47.557] [INFO] access - path: /admin/userAdd | method: POST | msg: Not Found
[2021-11-09T11:16:19.294] [INFO] access - path: /admin/userAdd | method: POST | msg: Not Found
[2021-11-09T11:22:17.553] [INFO] access - path: /admin/userAdd | method: POST | msg: Not Found
[2021-11-09T11:23:09.123] [INFO] access - path: /admin/userAdd | method: POST | msg: Not Found
[2021-11-09T11:23:52.411] [INFO] access - path: /admin/userAdd | method: POST | msg: Not Found
[2021-11-09T11:24:00.766] [INFO] access - path: /admin/userAdd | method: POST | msg: Not Found
[2021-11-09T11:27:36.634] [INFO] access - path: /admin/userAdd | method: POST | msg: Not Found
[2021-11-09T11:48:29.842] [INFO] access - path: /admin/userAdd | method: POST | msg: Not Found
[2021-11-09T11:49:05.881] [INFO] access - path: /admin/userAdd | method: POST | msg: Not Found
[2021-11-09T11:53:58.554] [INFO] access - path: /admin/userAdd | method: POST | msg: Not Found
[2021-11-09T11:54:19.109] [INFO] access - path: /admin/userAdd | method: POST | msg: Not Found
[2021-11-09T11:55:01.257] [INFO] access - path: /admin/userAdd | method: POST | msg: Not Found
[2021-11-09T12:03:40.240] [INFO] access - path: /admin/userAdd | method: POST | msg: Not Found
[2021-11-09T13:47:17.734] [INFO] access - path: /admin/userAdd | method: POST | msg: Not Found
[2021-11-09T13:48:23.417] [INFO] access - path: /admin/userAdd | method: POST | msg: Not Found
[2021-11-09T13:49:32.944] [INFO] access - path: /admin/userAdd | method: POST | msg: Not Found
[2021-11-09T13:52:08.294] [INFO] access - path: /admin/userAdd | method: POST | msg: Not Found
[2021-11-09T13:54:56.915] [INFO] access - path: /admin/updateUser | method: POST | msg: Not Found
[2021-11-09T14:11:41.101] [INFO] access - path: /admin/updateUser | method: POST | msg: Not Found
[2021-11-09T14:11:56.160] [INFO] access - path: /admin/userAdd | method: POST | msg: Not Found
[2021-11-09T14:13:04.838] [INFO] access - path: /admin/userAdd | method: POST | msg: Not Found
[2021-11-09T14:13:08.664] [INFO] access - path: /admin/userAdd | method: POST | msg: Not Found
[2021-11-09T14:15:19.431] [INFO] access - path: /admin/userAdd | method: POST | msg: Not Found
[2021-11-09T14:15:20.564] [INFO] access - path: /admin/userAdd | method: POST | msg: Not Found
[2021-11-09T14:15:28.220] [INFO] access - path: /admin/userAdd | method: POST | msg: Not Found
[2021-11-09T14:15:37.617] [INFO] access - path: /admin/userAdd | method: POST | msg: Not Found
[2021-11-09T14:58:24.643] [INFO] access - path: /admin/updateUser | method: POST | msg: Not Found
[2021-11-09T14:58:44.524] [INFO] access - path: /admin/updateUser | method: POST | msg: Not Found
[2021-11-09T14:58:50.719] [INFO] access - path: /admin/updateUser | method: POST | msg: Not Found
[2021-11-09T14:59:44.263] [INFO] access - path: /admin/updateUser | method: POST | msg: Not Found
[2021-11-09T14:59:46.966] [INFO] access - path: /admin/updateUser | method: POST | msg: Not Found
[2021-11-09T15:00:23.254] [INFO] access - path: /admin/updateUser | method: POST | msg: Not Found
[2021-11-09T15:00:31.907] [INFO] access - path: /admin/updateUser | method: POST | msg: Not Found
[2021-11-09T15:01:24.572] [INFO] access - path: /admin/updateUser | method: POST | msg: Not Found
[2021-11-09T15:01:25.609] [INFO] access - path: /admin/updateUser | method: POST | msg: Not Found
[2021-11-09T15:02:19.276] [INFO] access - path: /admin/updateUser | method: POST | msg: Not Found
[2021-11-09T15:02:21.773] [INFO] access - path: /admin/updateUser | method: POST | msg: Not Found
[2021-11-09T15:09:34.687] [INFO] access - path: /admin/updateUser | method: POST | msg: Not Found
[2021-11-09T15:10:02.081] [INFO] access - path: /admin/updateUser | method: POST | msg: Not Found
[2021-11-09T15:18:25.963] [INFO] access - path: /admin/updateUser | method: POST | msg: Not Found
[2021-11-09T15:18:27.407] [INFO] access - path: /admin/updateUser | method: POST | msg: Not Found
[2021-11-09T15:18:28.550] [INFO] access - path: /admin/updateUser | method: POST | msg: Not Found
[2021-11-09T15:19:15.548] [INFO] access - path: /admin/updateUser | method: POST | msg: Not Found
[2021-11-09T15:19:17.391] [INFO] access - path: /admin/updateUser | method: POST | msg: Not Found
[2021-11-09T15:19:53.539] [INFO] access - path: /admin/updateUser | method: POST | msg: Not Found
[2021-11-09T15:19:54.757] [INFO] access - path: /admin/updateUser | method: POST | msg: Not Found
[2021-11-09T15:26:17.359] [INFO] access - path: /admin/userAdd | method: POST | msg: Not Found
[2021-11-09T15:26:27.527] [INFO] access - path: /admin/userAdd | method: POST | msg: Not Found
[2021-11-09T15:26:58.306] [INFO] access - path: /admin/deleteUser | method: DELETE | msg: Not Found
[2021-11-09T15:27:24.765] [INFO] access - path: /admin/deleteUser | method: DELETE | msg: Not Found
[2021-11-09T15:28:47.525] [INFO] access - path: /admin/deleteUser | method: DELETE | msg: Not Found
[2021-11-09T15:29:18.447] [INFO] access - path: /admin/deleteUser | method: POST | msg: Not Found
[2021-11-09T15:29:20.420] [INFO] access - path: /admin/deleteUser | method: POST | msg: Not Found
[2021-11-09T15:29:22.155] [INFO] access - path: /admin/deleteUser | method: POST | msg: Not Found
[2021-11-09T15:29:23.365] [INFO] access - path: /admin/deleteUser | method: POST | msg: Not Found
[2021-11-09T15:29:42.169] [INFO] access - path: /admin/deleteUser | method: POST | msg: Not Found
[2021-11-09T15:29:43.361] [INFO] access - path: /admin/deleteUser | method: POST | msg: Not Found
[2021-11-09T15:35:32.344] [INFO] access - path: /admin/deleteUser | method: POST | msg: Not Found
[2021-11-09T15:35:34.968] [INFO] access - path: /admin/deleteUser | method: POST | msg: Not Found
[2021-11-09T15:35:42.562] [INFO] access - path: /admin/deleteUser | method: DELETE | msg: Not Found
[2021-11-09T15:38:40.929] [INFO] access - path: /admin/deleteUser | method: DELETE | msg: Not Found
[2021-11-09T15:49:36.203] [INFO] access - path: /admin/deleteUser | method: DELETE | msg: Not Found
[2021-11-09T15:54:41.938] [INFO] access - path: /admin/deleteUser | method: DELETE | msg: Not Found
[2021-11-09T15:56:42.621] [INFO] access - path: /admin/deleteUser | method: DELETE | msg: Not Found
[2021-11-09T15:57:44.086] [INFO] access - path: /admin/deleteUser | method: DELETE | msg: Not Found
[2021-11-09T15:59:37.096] [INFO] access - path: /admin/getUser | method: GET | msg: Not Found
[2021-11-09T15:59:56.500] [INFO] access - path: /admin/getUser | method: GET | msg: Not Found
[2021-11-09T16:00:05.362] [INFO] access - path: /admin/getUser | method: GET | msg: Not Found
[2021-11-09T16:00:11.369] [INFO] access - path: /admin/getUser | method: GET | msg: Not Found
